<?xml version="1.0" encoding="utf-8"?><testsuites name="pytest tests"><testsuite name="pytest" errors="0" failures="0" skipped="0" tests="44" time="10.669" timestamp="2026-07-10T19:39:16.752005+00:00" hostname="agent-env-f173bafa-e5c5-463a-a416-d9375c584c3b"><testcase classname="tests.test_iteration6" name="test_partial_no_dates_past_end" time="0.552" /><testcase classname="tests.test_iteration6" name="test_partial_download_date_columns" time="0.544" /><testcase classname="tests.test_iteration7" name="test_day_membership_matches_days_column" time="0.649" /><testcase classname="tests.test_iteration7" name="test_balanced_distribution_mon_sun" time="0.001" /><testcase classname="tests.test_iteration7" name="test_week_rotation_first_day_rotates" time="0.001" /><testcase classname="tests.test_iteration7" name="test_regression_campaign_end_strict" time="0.001" /><testcase classname="tests.test_iteration7" name="test_regression_blackout_date" time="0.329" /><testcase classname="tests.test_iteration6" name="test_partial_week7_present" time="0.597" /><testcase classname="tests.test_iteration15_mix_variants.TestMixes" name="test_10s_heavy_mix" time="0.606" /><testcase classname="tests.test_iteration15_mix_variants.TestMixes" name="test_30s_heavy_mix" time="0.270" /><testcase classname="tests.test_iteration15_mix_variants.TestMixes" name="test_balanced_mix" time="0.363" /><testcase classname="tests.test_iteration15_mix_variants.TestMixes" name="test_single_edit_mix" time="0.186" /><testcase classname="tests.test_iteration6" name="test_full_week_49_days" time="0.536" /><testcase classname="tests.test_iteration6" name="test_full_week_download_49_cols" time="0.547" /><testcase classname="tests.test_iteration6" name="test_blackout_does_not_push_past_end" time="0.553" /><testcase classname="tests.test_iteration4.TestDownloadSubtotalsAndWeekly" name="test_schedule_sheet_exists" time="1.042" /><testcase classname="tests.test_iteration4.TestDownloadSubtotalsAndWeekly" name="test_first_daily_column_is_campaign_start" time="0.002" /><testcase classname="tests.test_iteration4.TestDownloadSubtotalsAndWeekly" name="test_subtotals_present" time="0.020" /><testcase classname="tests.test_iteration4.TestDownloadSubtotalsAndWeekly" name="test_three_weekly_sections" time="0.067" /><testcase classname="tests.test_iteration11.TestNoSlotDupes" name="test_no_duplicate_slots_per_rowid" time="0.681" /><testcase classname="tests.test_iteration11.TestNoSlotDupes" name="test_no_duplicate_slots_per_program_timeband" time="0.001" /><testcase classname="tests.test_iteration11.TestRegression" name="test_schedule_nonempty" time="0.000" /><testcase classname="tests.test_iteration11.TestRegression" name="test_download" time="0.415" /><testcase classname="tests.test_iteration5" name="test_channel_order_matches_input" time="1.043" /><testcase classname="tests.test_iteration5" name="test_edit_durations_descending" time="0.013" /><testcase classname="tests.test_iteration5" name="test_regression_subtotals_and_weekly" time="0.065" /><testcase classname="tests.test_iteration4.TestUploadSubtotalFilter" name="test_row_count_is_46_real_programs" time="0.302" /><testcase classname="tests.test_iteration4.TestUploadSubtotalFilter" name="test_no_total_rows_leaked" time="0.000" /><testcase classname="tests.test_iteration11.TestStrictDay" name="test_all_schedule_rows_respect_days" time="0.521" /><testcase classname="tests.test_iteration11.TestMoviesFrequency" name="test_movie_rows_are_hourly" time="0.001" /><testcase classname="tests.test_iteration11.TestWeekendBoost" name="test_high_boost_yields_more_weekend_spots" time="0.730" /><testcase classname="tests.test_iteration11.TestReachVsFrequency" name="test_reach_touches_more_days" time="0.974" /><testcase classname="tests.test_iteration13_alignment.TestAlignmentAugSaturdayStart" name="test_alignment" time="0.987" /><testcase classname="tests.test_iteration11.TestGECSpread" name="test_gec_programs_spread_across_days" time="0.435" /><testcase classname="tests.test_iteration11_boost_monotonic" name="test_weekend_boost_strictly_increasing" time="1.710" /><testcase classname="tests.test_iteration13_alignment.TestAlignmentJuneMondayStart" name="test_alignment" time="1.094" /><testcase classname="tests.test_iteration13_alignment.TestAlignmentWednesdayStart" name="test_alignment" time="0.968" /><testcase classname="tests.test_iteration14_edit_spot_match.TestFinalSpotsMatch" name="test_final_spots_matches_scheduled_count_per_edit_row" time="0.622" /><testcase classname="tests.test_iteration14_edit_spot_match.TestSameEditSlotUniqueness" name="test_no_duplicate_slots_per_row_edit_date_time" time="0.003" /><testcase classname="tests.test_iteration15_mix_variants.TestRowOverrides" name="test_override_row_matches_schedule" time="0.762" /><testcase classname="tests.test_iteration14_edit_spot_match.TestMultiEditSlotSharing" name="test_different_edits_may_share_slot" time="0.490" /><testcase classname="tests.test_iteration14_edit_spot_match.TestPerRowIdEditUniqueness" name="test_uniqueness_per_row_edit_date_time" time="0.003" /><testcase classname="tests.test_iteration4.TestDerivedWeeks" name="test_weeks_is_7" time="0.325" /><testcase classname="tests.test_iteration4.TestBlackoutDates" name="test_no_schedule_on_blackout_dates" time="0.001" /></testsuite></testsuites>