<?xml version="1.0" encoding="utf-8"?><testsuites name="pytest tests"><testsuite name="pytest" errors="0" failures="2" skipped="0" tests="17" time="7.794" timestamp="2026-07-10T19:30:17.379640+00:00" hostname="agent-env-f173bafa-e5c5-463a-a416-d9375c584c3b"><testcase classname="tests.test_iteration11.TestRegression" name="test_schedule_nonempty" time="0.498" /><testcase classname="tests.test_iteration11.TestRegression" name="test_download" time="0.380" /><testcase classname="tests.test_iteration11.TestMoviesFrequency" name="test_movie_rows_are_hourly" time="0.001" /><testcase classname="tests.test_iteration11.TestWeekendBoost" name="test_high_boost_yields_more_weekend_spots" time="0.741" /><testcase classname="tests.test_iteration11.TestNoSlotDupes" name="test_no_duplicate_slots_per_rowid" time="0.897" /><testcase classname="tests.test_iteration11.TestNoSlotDupes" name="test_no_duplicate_slots_per_program_timeband" time="0.003" /><testcase classname="tests.test_iteration11.TestStrictDay" name="test_all_schedule_rows_respect_days" time="0.010" /><testcase classname="tests.test_iteration11_boost_monotonic" name="test_weekend_boost_strictly_increasing" time="1.710" /><testcase classname="tests.test_iteration11.TestReachVsFrequency" name="test_reach_touches_more_days" time="0.739" /><testcase classname="tests.test_iteration11.TestGECSpread" name="test_gec_programs_spread_across_days" time="0.001" /><testcase classname="tests.test_iteration13_alignment.TestAlignmentWednesdayStart" name="test_alignment" time="0.882" /><testcase classname="tests.test_iteration13_alignment.TestAlignmentAugSaturdayStart" name="test_alignment" time="0.940" /><testcase classname="tests.test_iteration13_alignment.TestAlignmentJuneMondayStart" name="test_alignment" time="0.702" /><testcase classname="tests.test_iteration14_edit_spot_match.TestFinalSpotsMatch" name="test_final_spots_matches_scheduled_count_per_edit_row" time="0.522"><failure message="AssertionError: 25 edit_rows with count mismatch. First 5: [{'row_id': 0, 'edit_duration': 10, 'program': 'KARNA', 'channel': 'Zee Kannada', 'final_spots': 44, 'scheduled': 35, 'delta': -9}, {'row_id': 1, 'edit_duration': 10, 'program': 'Annaiyya (O)', 'channel': 'Zee Kannada', 'final_spots': 49, 'scheduled': 35, 'delta': -14}, {'row_id': 8, 'edit_duration': 10, 'program': 'Gowri Kalyana (R)/ FTB', 'channel': 'Colors Kannada', 'final_spots': 59, 'scheduled': 49, 'delta': -10}, {'row_id': 9, 'edit_duration': 10, 'program': 'Muddu Sose (R)/ FTB', 'channel': 'Colors Kannada', 'final_spots': 53, 'scheduled': 49, 'delta': -4}, {'row_id': 12, 'edit_duration': 10, 'program': 'NANDAGOKULA', 'channel': 'Colors Kannada', 'final_spots': 37, 'scheduled': 35, 'delta': -2}]&#10;assert not [{'row_id': 0, 'edit_duration': 10, 'program': 'KARNA', 'channel': 'Zee Kannada', ...}, {'row_id': 1, 'edit_duration': 10, 'program': 'Annaiyya (O)', 'channel': 'Zee Kannada', ...}, {'row_id': 8, 'edit_duration': 10, 'program': 'Gowri Kalyana (R)/ FTB', 'channel': 'Colors Kannada', ...}, {'row_id': 9, 'edit_duration': 10, 'program': 'Muddu Sose (R)/ FTB', 'channel': 'Colors Kannada', ...}, {'row_id': 12, 'edit_duration': 10, 'program': 'NANDAGOKULA', 'channel': 'Colors Kannada', ...}, {'row_id': 13, 'edit_duration': 10, 'program': 'Gowri Kalyana (R)/ FTB', 'channel': 'Colors Kannada', ...}, ...]">E   AssertionError: 25 edit_rows with count mismatch. First 5: [{'row_id': 0, 'edit_duration': 10, 'program': 'KARNA', 'channel': 'Zee Kannada', 'final_spots': 44, 'scheduled': 35, 'delta': -9}, {'row_id': 1, 'edit_duration': 10, 'program': 'Annaiyya (O)', 'channel': 'Zee Kannada', 'final_spots': 49, 'scheduled': 35, 'delta': -14}, {'row_id': 8, 'edit_duration': 10, 'program': 'Gowri Kalyana (R)/ FTB', 'channel': 'Colors Kannada', 'final_spots': 59, 'scheduled': 49, 'delta': -10}, {'row_id': 9, 'edit_duration': 10, 'program': 'Muddu Sose (R)/ FTB', 'channel': 'Colors Kannada', 'final_spots': 53, 'scheduled': 49, 'delta': -4}, {'row_id': 12, 'edit_duration': 10, 'program': 'NANDAGOKULA', 'channel': 'Colors Kannada', 'final_spots': 37, 'scheduled': 35, 'delta': -2}]
    assert not [{'row_id': 0, 'edit_duration': 10, 'program': 'KARNA', 'channel': 'Zee Kannada', ...}, {'row_id': 1, 'edit_duration': 10, 'program': 'Annaiyya (O)', 'channel': 'Zee Kannada', ...}, {'row_id': 8, 'edit_duration': 10, 'program': 'Gowri Kalyana (R)/ FTB', 'channel': 'Colors Kannada', ...}, {'row_id': 9, 'edit_duration': 10, 'program': 'Muddu Sose (R)/ FTB', 'channel': 'Colors Kannada', ...}, {'row_id': 12, 'edit_duration': 10, 'program': 'NANDAGOKULA', 'channel': 'Colors Kannada', ...}, {'row_id': 13, 'edit_duration': 10, 'program': 'Gowri Kalyana (R)/ FTB', 'channel': 'Colors Kannada', ...}, ...]</failure></testcase><testcase classname="tests.test_iteration14_edit_spot_match.TestSameEditSlotUniqueness" name="test_no_duplicate_slots_per_row_edit_date_time" time="0.002" /><testcase classname="tests.test_iteration14_edit_spot_match.TestChannelProgramTimebandEditUniqueness" name="test_uniqueness_per_channel_program_timeband_edit" time="0.003" /><testcase classname="tests.test_iteration14_edit_spot_match.TestMultiEditSlotSharing" name="test_different_edits_may_share_slot" time="1.173"><failure message="AssertionError: scheduled(4966) != sum(final_spots)(5616)&#10;assert 4966 == 5616">E   AssertionError: scheduled(4966) != sum(final_spots)(5616)
    assert 4966 == 5616</failure></testcase></testsuite></testsuites>