<?xml version="1.0" encoding="utf-8"?><testsuites name="pytest tests"><testsuite name="pytest" errors="0" failures="0" skipped="0" tests="8" time="1.110" timestamp="2026-07-10T20:41:46.380149+00:00" hostname="agent-env-f173bafa-e5c5-463a-a416-d9375c584c3b"><testcase classname="tests.test_iteration17_channel_spots_per_day.TestChannelSpotsPerDay" name="test_star_plus_280_at_10_per_day_yields_about_28_days" time="0.062" /><testcase classname="tests.test_iteration17_channel_spots_per_day.TestChannelSpotsPerDay" name="test_sony_max_60_at_5_per_day_yields_about_12_14_days" time="0.014" /><testcase classname="tests.test_iteration17_channel_spots_per_day.TestChannelSpotsPerDay" name="test_channel_without_entry_uses_full_window" time="0.016" /><testcase classname="tests.test_iteration17_channel_spots_per_day.TestChannelSpotsPerDay" name="test_empty_channel_spots_per_day_matches_previous_behavior" time="0.016" /><testcase classname="tests.test_iteration17_channel_spots_per_day.TestChannelSpotsPerDay" name="test_very_low_rate_stacks_but_never_drops" time="0.048" /><testcase classname="tests.test_iteration17_channel_spots_per_day.TestChannelSpotsPerDay" name="test_stricter_of_gec_planning_weeks_and_channel_spots_per_day_wins" time="0.018" /><testcase classname="tests.test_iteration17_channel_spots_per_day.TestChannelSpotsPerDay" name="test_stricter_reverse_channel_stricter" time="0.018" /><testcase classname="tests.test_iteration17_channel_spots_per_day.TestChannelSpotsPerDay" name="test_multi_channel_multi_genre_end_to_end" time="0.021" /></testsuite></testsuites>