<?xml version="1.0" encoding="utf-8"?><testsuites name="pytest tests"><testsuite name="pytest" errors="0" failures="1" skipped="0" tests="9" time="2.315" timestamp="2026-07-10T18:57:56.384145+00:00" hostname="agent-env-f173bafa-e5c5-463a-a416-d9375c584c3b"><testcase classname="tests.test_iteration11.TestRegression" name="test_schedule_nonempty" time="0.534" /><testcase classname="tests.test_iteration11.TestRegression" name="test_download" time="0.387" /><testcase classname="tests.test_iteration11.TestNoSlotDupes" name="test_no_duplicate_slots_per_rowid" time="0.549" /><testcase classname="tests.test_iteration11.TestNoSlotDupes" name="test_no_duplicate_slots_per_program_timeband" time="0.003" /><testcase classname="tests.test_iteration11.TestStrictDay" name="test_all_schedule_rows_respect_days" time="0.015" /><testcase classname="tests.test_iteration11.TestReachVsFrequency" name="test_reach_touches_more_days" time="0.712" /><testcase classname="tests.test_iteration11.TestMoviesFrequency" name="test_movie_rows_are_hourly" time="0.001" /><testcase classname="tests.test_iteration11.TestWeekendBoost" name="test_high_boost_yields_more_weekend_spots" time="0.856"><failure message="AssertionError: expected more weekend spots with boost 2.0 vs 0.5 (got 1320 vs 1320)&#10;assert 1320 &gt; 1320">backend/tests/test_iteration11.py:190: in test_high_boost_yields_more_weekend_spots
    assert hi_n &gt; lo_n, f"expected more weekend spots with boost 2.0 vs 0.5 (got {hi_n} vs {lo_n})"
E   AssertionError: expected more weekend spots with boost 2.0 vs 0.5 (got 1320 vs 1320)
E   assert 1320 &gt; 1320</failure></testcase><testcase classname="tests.test_iteration11.TestGECSpread" name="test_gec_programs_spread_across_days" time="0.001" /></testsuite></testsuites>