<?xml version="1.0" encoding="utf-8"?><testsuites name="pytest tests"><testsuite name="pytest" errors="0" failures="0" skipped="0" tests="5" time="1.237" timestamp="2026-07-10T16:48:30.491000+00:00" hostname="agent-env-f173bafa-e5c5-463a-a416-d9375c584c3b"><testcase classname="tests.test_iteration7" name="test_day_membership_matches_days_column" time="0.460" /><testcase classname="tests.test_iteration7" name="test_balanced_distribution_mon_sun" time="0.001" /><testcase classname="tests.test_iteration7" name="test_week_rotation_first_day_rotates" time="0.001" /><testcase classname="tests.test_iteration7" name="test_regression_campaign_end_strict" time="0.001" /><testcase classname="tests.test_iteration7" name="test_regression_blackout_date" time="0.238" /></testsuite></testsuites>