<?xml version="1.0" encoding="utf-8"?><testsuites name="pytest tests"><testsuite name="pytest" errors="0" failures="0" skipped="0" tests="3" time="2.406" timestamp="2026-07-10T19:10:17.230090+00:00" hostname="agent-env-f173bafa-e5c5-463a-a416-d9375c584c3b"><testcase classname="tests.test_iteration13_alignment.TestAlignmentJuneMondayStart" name="test_alignment" time="1.083" /><testcase classname="tests.test_iteration13_alignment.TestAlignmentAugSaturdayStart" name="test_alignment" time="1.024" /><testcase classname="tests.test_iteration13_alignment.TestAlignmentWednesdayStart" name="test_alignment" time="0.506" /></testsuite></testsuites>