<?xml version="1.0" encoding="utf-8"?><testsuites name="pytest tests"><testsuite name="pytest" errors="0" failures="1" skipped="0" tests="4" time="1.270" timestamp="2026-07-10T19:37:14.344773+00:00" hostname="agent-env-f173bafa-e5c5-463a-a416-d9375c584c3b"><testcase classname="tests.test_iteration14_edit_spot_match.TestFinalSpotsMatch" name="test_final_spots_matches_scheduled_count_per_edit_row" time="0.696" /><testcase classname="tests.test_iteration14_edit_spot_match.TestMultiEditSlotSharing" name="test_different_edits_may_share_slot" time="0.009" /><testcase classname="tests.test_iteration14_edit_spot_match.TestSameEditSlotUniqueness" name="test_no_duplicate_slots_per_row_edit_date_time" time="0.713" /><testcase classname="tests.test_iteration14_edit_spot_match.TestChannelProgramTimebandEditUniqueness" name="test_uniqueness_per_channel_program_timeband_edit" time="0.004"><failure message="AssertionError: 28 same-edit program-timeband dupes. First 5: [(('Colors Kannada', 'Gowri Kalyana (R)/ FTB', '10:30:00', '11:00:00', 10), ('2026-07-31', '10:30'), 2), (('Colors Kannada', 'Gowri Kalyana (R)/ FTB', '10:30:00', '11:00:00', 10), ('2026-08-08', '10:30'), 2), (('Colors Kannada', 'Gowri Kalyana (R)/ FTB', '10:30:00', '11:00:00', 10), ('2026-08-16', '10:30'), 2), (('Colors Kannada', 'Gowri Kalyana (R)/ FTB', '10:30:00', '11:00:00', 20), ('2026-08-16', '10:30'), 2), (('Colors Kannada', 'Muddu Sose (R)/ FTB', '11:00:00', '11:30:00', 10), ('2026-07-31', '11:00'), 2)]&#10;assert not [(('Colors Kannada', 'Gowri Kalyana (R)/ FTB', '10:30:00', '11:00:00', 10), ('2026-07-31', '10:30'), 2), (('Colors Kannada', 'Gowri Kalyana (R)/ FTB', '10:30:00', '11:00:00', 10), ('2026-08-08', '10:30'), 2), (('Colors Kannada', 'Gowri Kalyana (R)/ FTB', '10:30:00', '11:00:00', 10), ('2026-08-16', '10:30'), 2), (('Colors Kannada', 'Gowri Kalyana (R)/ FTB', '10:30:00', '11:00:00', 20), ('2026-08-16', '10:30'), 2), (('Colors Kannada', 'Muddu Sose (R)/ FTB', '11:00:00', '11:30:00', 10), ('2026-07-31', '11:00'), 2), (('Colors Kannada', 'Muddu Sose (R)/ FTB', '11:00:00', '11:30:00', 10), ('2026-08-08', '11:00'), 2), ...]">backend/tests/test_iteration14_edit_spot_match.py:182: in test_uniqueness_per_channel_program_timeband_edit
    assert not offenders, (
E   AssertionError: 28 same-edit program-timeband dupes. First 5: [(('Colors Kannada', 'Gowri Kalyana (R)/ FTB', '10:30:00', '11:00:00', 10), ('2026-07-31', '10:30'), 2), (('Colors Kannada', 'Gowri Kalyana (R)/ FTB', '10:30:00', '11:00:00', 10), ('2026-08-08', '10:30'), 2), (('Colors Kannada', 'Gowri Kalyana (R)/ FTB', '10:30:00', '11:00:00', 10), ('2026-08-16', '10:30'), 2), (('Colors Kannada', 'Gowri Kalyana (R)/ FTB', '10:30:00', '11:00:00', 20), ('2026-08-16', '10:30'), 2), (('Colors Kannada', 'Muddu Sose (R)/ FTB', '11:00:00', '11:30:00', 10), ('2026-07-31', '11:00'), 2)]
E   assert not [(('Colors Kannada', 'Gowri Kalyana (R)/ FTB', '10:30:00', '11:00:00', 10), ('2026-07-31', '10:30'), 2), (('Colors Kannada', 'Gowri Kalyana (R)/ FTB', '10:30:00', '11:00:00', 10), ('2026-08-08', '10:30'), 2), (('Colors Kannada', 'Gowri Kalyana (R)/ FTB', '10:30:00', '11:00:00', 10), ('2026-08-16', '10:30'), 2), (('Colors Kannada', 'Gowri Kalyana (R)/ FTB', '10:30:00', '11:00:00', 20), ('2026-08-16', '10:30'), 2), (('Colors Kannada', 'Muddu Sose (R)/ FTB', '11:00:00', '11:30:00', 10), ('2026-07-31', '11:00'), 2), (('Colors Kannada', 'Muddu Sose (R)/ FTB', '11:00:00', '11:30:00', 10), ('2026-08-08', '11:00'), 2), ...]</failure></testcase></testsuite></testsuites>