<?xml version="1.0" encoding="utf-8"?><testsuites name="pytest tests"><testsuite name="pytest" errors="0" failures="0" skipped="0" tests="6" time="3.518" timestamp="2026-07-10T16:21:15.073444+00:00" hostname="agent-env-f173bafa-e5c5-463a-a416-d9375c584c3b"><testcase classname="tests.test_iteration6" name="test_partial_no_dates_past_end" time="0.532" /><testcase classname="tests.test_iteration6" name="test_partial_download_date_columns" time="0.491" /><testcase classname="tests.test_iteration6" name="test_partial_week7_present" time="0.411" /><testcase classname="tests.test_iteration6" name="test_full_week_49_days" time="0.373" /><testcase classname="tests.test_iteration6" name="test_full_week_download_49_cols" time="0.403" /><testcase classname="tests.test_iteration6" name="test_blackout_does_not_push_past_end" time="0.406" /></testsuite></testsuites>