<?xml version="1.0" encoding="utf-8"?><testsuites name="pytest tests"><testsuite name="pytest" errors="0" failures="2" skipped="0" tests="13" time="5.553" timestamp="2026-07-10T19:29:41.950088+00:00" hostname="agent-env-f173bafa-e5c5-463a-a416-d9375c584c3b"><testcase classname="tests.test_iteration11.TestRegression" name="test_schedule_nonempty" time="0.591" /><testcase classname="tests.test_iteration11.TestRegression" name="test_download" time="0.469" /><testcase classname="tests.test_iteration11.TestNoSlotDupes" name="test_no_duplicate_slots_per_rowid" time="0.604"><failure message="AssertionError: 1073 duplicate slots, first 5: [(0, '2026-06-29', '20:00'), (0, '2026-07-07', '20:00'), (0, '2026-07-15', '20:00'), (0, '2026-07-23', '20:00'), (0, '2026-07-24', '20:00')]&#10;assert not [(0, '2026-06-29', '20:00'), (0, '2026-07-07', '20:00'), (0, '2026-07-15', '20:00'), (0, '2026-07-23', '20:00'), (0, '2026-07-24', '20:00'), (0, '2026-07-31', '20:00'), ...]">E   AssertionError: 1073 duplicate slots, first 5: [(0, '2026-06-29', '20:00'), (0, '2026-07-07', '20:00'), (0, '2026-07-15', '20:00'), (0, '2026-07-23', '20:00'), (0, '2026-07-24', '20:00')]
    assert not [(0, '2026-06-29', '20:00'), (0, '2026-07-07', '20:00'), (0, '2026-07-15', '20:00'), (0, '2026-07-23', '20:00'), (0, '2026-07-24', '20:00'), (0, '2026-07-31', '20:00'), ...]</failure></testcase><testcase classname="tests.test_iteration11.TestNoSlotDupes" name="test_no_duplicate_slots_per_program_timeband" time="0.004"><failure message="AssertionError: 1079 program-timeband dupes, first 5: [(('Zee Kannada', 'KARNA', '20:00:00', '20:30:00'), ('2026-06-29', '20:00'), 2), (('Zee Kannada', 'KARNA', '20:00:00', '20:30:00'), ('2026-07-07', '20:00'), 2), (('Zee Kannada', 'KARNA', '20:00:00', '20:30:00'), ('2026-07-15', '20:00'), 2), (('Zee Kannada', 'KARNA', '20:00:00', '20:30:00'), ('2026-07-23', '20:00'), 2), (('Zee Kannada', 'KARNA', '20:00:00', '20:30:00'), ('2026-07-24', '20:00'), 2)]&#10;assert not [(('Zee Kannada', 'KARNA', '20:00:00', '20:30:00'), ('2026-06-29', '20:00'), 2), (('Zee Kannada', 'KARNA', '20:00:00', '20:30:00'), ('2026-07-07', '20:00'), 2), (('Zee Kannada', 'KARNA', '20:00:00', '20:30:00'), ('2026-07-15', '20:00'), 2), (('Zee Kannada', 'KARNA', '20:00:00', '20:30:00'), ('2026-07-23', '20:00'), 2), (('Zee Kannada', 'KARNA', '20:00:00', '20:30:00'), ('2026-07-24', '20:00'), 2), (('Zee Kannada', 'KARNA', '20:00:00', '20:30:00'), ('2026-07-31', '20:00'), 2), ...]">E   AssertionError: 1079 program-timeband dupes, first 5: [(('Zee Kannada', 'KARNA', '20:00:00', '20:30:00'), ('2026-06-29', '20:00'), 2), (('Zee Kannada', 'KARNA', '20:00:00', '20:30:00'), ('2026-07-07', '20:00'), 2), (('Zee Kannada', 'KARNA', '20:00:00', '20:30:00'), ('2026-07-15', '20:00'), 2), (('Zee Kannada', 'KARNA', '20:00:00', '20:30:00'), ('2026-07-23', '20:00'), 2), (('Zee Kannada', 'KARNA', '20:00:00', '20:30:00'), ('2026-07-24', '20:00'), 2)]
    assert not [(('Zee Kannada', 'KARNA', '20:00:00', '20:30:00'), ('2026-06-29', '20:00'), 2), (('Zee Kannada', 'KARNA', '20:00:00', '20:30:00'), ('2026-07-07', '20:00'), 2), (('Zee Kannada', 'KARNA', '20:00:00', '20:30:00'), ('2026-07-15', '20:00'), 2), (('Zee Kannada', 'KARNA', '20:00:00', '20:30:00'), ('2026-07-23', '20:00'), 2), (('Zee Kannada', 'KARNA', '20:00:00', '20:30:00'), ('2026-07-24', '20:00'), 2), (('Zee Kannada', 'KARNA', '20:00:00', '20:30:00'), ('2026-07-31', '20:00'), 2), ...]</failure></testcase><testcase classname="tests.test_iteration11.TestStrictDay" name="test_all_schedule_rows_respect_days" time="0.010" /><testcase classname="tests.test_iteration11.TestReachVsFrequency" name="test_reach_touches_more_days" time="0.895" /><testcase classname="tests.test_iteration11.TestMoviesFrequency" name="test_movie_rows_are_hourly" time="0.001" /><testcase classname="tests.test_iteration11.TestWeekendBoost" name="test_high_boost_yields_more_weekend_spots" time="0.758" /><testcase classname="tests.test_iteration11.TestGECSpread" name="test_gec_programs_spread_across_days" time="0.001" /><testcase classname="tests.test_iteration11_boost_monotonic" name="test_weekend_boost_strictly_increasing" time="1.469" /><testcase classname="tests.test_iteration13_alignment.TestAlignmentAugSaturdayStart" name="test_alignment" time="1.234" /><testcase classname="tests.test_iteration13_alignment.TestAlignmentJuneMondayStart" name="test_alignment" time="1.532" /><testcase classname="tests.test_iteration13_alignment.TestAlignmentWednesdayStart" name="test_alignment" time="1.594" /></testsuite></testsuites>