<?xml version="1.0" encoding="utf-8"?><testsuites name="pytest tests"><testsuite name="pytest" errors="0" failures="1" skipped="0" tests="9" time="2.036" timestamp="2026-07-10T19:38:12.549003+00:00" hostname="agent-env-f173bafa-e5c5-463a-a416-d9375c584c3b"><testcase classname="tests.test_iteration15_mix_variants.TestMixes" name="test_10s_heavy_mix" time="0.789" /><testcase classname="tests.test_iteration14_edit_spot_match.TestFinalSpotsMatch" name="test_final_spots_matches_scheduled_count_per_edit_row" time="0.768" /><testcase classname="tests.test_iteration14_edit_spot_match.TestSameEditSlotUniqueness" name="test_no_duplicate_slots_per_row_edit_date_time" time="0.010" /><testcase classname="tests.test_iteration14_edit_spot_match.TestMultiEditSlotSharing" name="test_different_edits_may_share_slot" time="0.002" /><testcase classname="tests.test_iteration14_edit_spot_match.TestPerRowIdEditUniqueness" name="test_uniqueness_per_row_edit_date_time" time="0.002" /><testcase classname="tests.test_iteration15_mix_variants.TestMixes" name="test_30s_heavy_mix" time="0.238" /><testcase classname="tests.test_iteration15_mix_variants.TestRowOverrides" name="test_override_row_matches_schedule" time="0.480"><failure message="AssertionError: {&quot;detail&quot;:[{&quot;type&quot;:&quot;missing&quot;,&quot;loc&quot;:[&quot;body&quot;,&quot;row_overrides&quot;,0,&quot;row_id&quot;],&quot;msg&quot;:&quot;Field required&quot;,&quot;input&quot;:{&quot;_row_id&quot;:0,&quot;edits&quot;:[{&quot;duration&quot;:15,&quot;percentage&quot;:50},{&quot;duration&quot;:45,&quot;percentage&quot;:50}]},&quot;url&quot;:&quot;https://errors.pydantic.dev/2.13/v/missing&quot;}]}&#10;assert 422 == 200&#10; +  where 422 = &lt;Response [422]&gt;.status_code">backend/tests/test_iteration15_mix_variants.py:184: in test_override_row_matches_schedule
    result = _generate(
backend/tests/test_iteration15_mix_variants.py:63: in _generate
    assert r.status_code == 200, r.text
E   AssertionError: {"detail":[{"type":"missing","loc":["body","row_overrides",0,"row_id"],"msg":"Field required","input":{"_row_id":0,"edits":[{"duration":15,"percentage":50},{"duration":45,"percentage":50}]},"url":"https://errors.pydantic.dev/2.13/v/missing"}]}
E   assert 422 == 200
E    +  where 422 = &lt;Response [422]&gt;.status_code</failure></testcase><testcase classname="tests.test_iteration15_mix_variants.TestMixes" name="test_balanced_mix" time="0.280" /><testcase classname="tests.test_iteration15_mix_variants.TestMixes" name="test_single_edit_mix" time="0.216" /></testsuite></testsuites>