<?xml version="1.0" encoding="utf-8"?><testsuites name="pytest tests"><testsuite name="pytest" errors="0" failures="1" skipped="0" tests="14" time="1.158" timestamp="2026-07-10T20:41:54.332891+00:00" hostname="agent-env-f173bafa-e5c5-463a-a416-d9375c584c3b"><testcase classname="tests.test_iteration16_no_drop.TestAdvancedPrefs" name="test_weekly_grp_dispersion_biases_weeks" time="0.054" /><testcase classname="tests.test_iteration16_no_drop.TestNoSpotDropped" name="test_simple_gec" time="0.022" /><testcase classname="tests.test_iteration16_no_drop.TestAdvancedPrefs" name="test_weekend_boost_puts_more_on_sat_sun" time="0.018" /><testcase classname="tests.test_iteration16_no_drop.TestNoSpotDropped" name="test_stress_stacking_over_capacity" time="0.031" /><testcase classname="tests.test_iteration16_no_drop.TestAdvancedPrefs" name="test_reach_vs_frequency_frequency_mode" time="0.061" /><testcase classname="tests.test_iteration16_no_drop.TestNoSpotDropped" name="test_multi_row_multi_edit" time="0.064" /><testcase classname="tests.test_iteration16_no_drop.TestAdvancedPrefs" name="test_gec_planning_weeks_limits_gec_only" time="0.021" /><testcase classname="tests.test_iteration16_no_drop.TestBlackouts" name="test_blackout_dates_absent" time="0.016" /><testcase classname="tests.test_iteration16_no_drop.TestUpload" name="test_upload_parses_all_standard_columns" time="0.008" /><testcase classname="tests.test_iteration16_no_drop.TestGECEvenDistribution" name="test_gec_prime_time_100plus_spots" time="0.016"><failure message="AssertionError: uneven days ratio=1.75 min=4 max=7&#10;assert 1.75 &lt; 1.6">E   AssertionError: uneven days ratio=1.75 min=4 max=7
    assert 1.75 &lt; 1.6</failure></testcase><testcase classname="tests.test_iteration16_no_drop.TestBlackouts" name="test_blackout_day_of_week_absent" time="0.015" /><testcase classname="tests.test_iteration16_no_drop.TestExcelDownload" name="test_download_valid_excel_with_totals" time="0.084" /><testcase classname="tests.test_iteration16_no_drop.TestCampaignEndRespected" name="test_no_row_past_end" time="0.059" /><testcase classname="tests.test_iteration16_no_drop.TestSessions" name="test_session_crud" time="0.016" /></testsuite></testsuites>