<?xml version="1.0" encoding="utf-8"?><testsuites name="pytest tests"><testsuite name="pytest" errors="0" failures="0" skipped="0" tests="3" time="2.011" timestamp="2026-07-10T16:04:29.059020+00:00" hostname="agent-env-f173bafa-e5c5-463a-a416-d9375c584c3b"><testcase classname="tests.test_iteration5" name="test_channel_order_matches_input" time="1.076" /><testcase classname="tests.test_iteration5" name="test_edit_durations_descending" time="0.017" /><testcase classname="tests.test_iteration5" name="test_regression_subtotals_and_weekly" time="0.012" /></testsuite></testsuites>