<?xml version="1.0" encoding="utf-8"?><testsuites name="pytest tests"><testsuite name="pytest" errors="0" failures="2" skipped="0" tests="54" time="12.109" timestamp="2026-07-10T19:38:36.521110+00:00" hostname="agent-env-f173bafa-e5c5-463a-a416-d9375c584c3b"><testcase classname="tests.test_iteration7" name="test_day_membership_matches_days_column" time="0.409" /><testcase classname="tests.test_iteration7" name="test_balanced_distribution_mon_sun" time="0.001" /><testcase classname="tests.test_iteration7" name="test_week_rotation_first_day_rotates" time="0.001" /><testcase classname="tests.test_iteration7" name="test_regression_campaign_end_strict" time="0.001" /><testcase classname="tests.test_iteration7" name="test_regression_blackout_date" time="0.259" /><testcase classname="tests.test_iteration6" name="test_partial_no_dates_past_end" time="0.510" /><testcase classname="tests.test_iteration6" name="test_partial_download_date_columns" time="0.574" /><testcase classname="tests.test_iteration15_mix_variants.TestMixes" name="test_10s_heavy_mix" time="0.604" /><testcase classname="tests.test_iteration6" name="test_partial_week7_present" time="0.632" /><testcase classname="tests.test_iteration15_mix_variants.TestMixes" name="test_30s_heavy_mix" time="0.331" /><testcase classname="tests.test_iteration15_mix_variants.TestMixes" name="test_balanced_mix" time="0.340" /><testcase classname="tests.test_iteration15_mix_variants.TestMixes" name="test_single_edit_mix" time="0.286" /><testcase classname="tests.test_iteration6" name="test_full_week_49_days" time="0.508" /><testcase classname="tests.test_iteration6" name="test_full_week_download_49_cols" time="0.467" /><testcase classname="tests.test_iteration6" name="test_blackout_does_not_push_past_end" time="0.531" /><testcase classname="tests.test_iteration4.TestDownloadSubtotalsAndWeekly" name="test_schedule_sheet_exists" time="1.133" /><testcase classname="tests.test_iteration4.TestDownloadSubtotalsAndWeekly" name="test_first_daily_column_is_campaign_start" time="0.003" /><testcase classname="tests.test_iteration4.TestDownloadSubtotalsAndWeekly" name="test_subtotals_present" time="0.020" /><testcase classname="tests.test_iteration4.TestDownloadSubtotalsAndWeekly" name="test_three_weekly_sections" time="0.013" /><testcase classname="tests.backend_test.TestGenerate" name="test_edit_rows_count" time="0.498" /><testcase classname="tests.backend_test.TestGenerate" name="test_schedule_rows_thousands" time="0.000" /><testcase classname="tests.backend_test.TestGenerate" name="test_summary_has_by_week" time="0.000" /><testcase classname="tests.backend_test.TestUpload" name="test_upload_real_input" time="0.000" /><testcase classname="tests.backend_test.TestUpload" name="test_spots_canonical_not_from_cal_spts_pd" time="0.001" /><testcase classname="tests.test_iteration11.TestNoSlotDupes" name="test_no_duplicate_slots_per_rowid" time="0.615" /><testcase classname="tests.test_iteration11.TestNoSlotDupes" name="test_no_duplicate_slots_per_program_timeband" time="0.004"><failure message="AssertionError: 28 program-timeband dupes, first 5: [(('Colors Kannada', 'Gowri Kalyana (R)/ FTB', '10:30:00', '11:00:00', 10), ('2026-07-31', '10:30'), 2), (('Colors Kannada', 'Gowri Kalyana (R)/ FTB', '10:30:00', '11:00:00', 10), ('2026-08-08', '10:30'), 2), (('Colors Kannada', 'Gowri Kalyana (R)/ FTB', '10:30:00', '11:00:00', 10), ('2026-08-16', '10:30'), 2), (('Colors Kannada', 'Gowri Kalyana (R)/ FTB', '10:30:00', '11:00:00', 20), ('2026-08-16', '10:30'), 2), (('Colors Kannada', 'Muddu Sose (R)/ FTB', '11:00:00', '11:30:00', 10), ('2026-07-31', '11:00'), 2)]&#10;assert not [(('Colors Kannada', 'Gowri Kalyana (R)/ FTB', '10:30:00', '11:00:00', 10), ('2026-07-31', '10:30'), 2), (('Colors Kannada', 'Gowri Kalyana (R)/ FTB', '10:30:00', '11:00:00', 10), ('2026-08-08', '10:30'), 2), (('Colors Kannada', 'Gowri Kalyana (R)/ FTB', '10:30:00', '11:00:00', 10), ('2026-08-16', '10:30'), 2), (('Colors Kannada', 'Gowri Kalyana (R)/ FTB', '10:30:00', '11:00:00', 20), ('2026-08-16', '10:30'), 2), (('Colors Kannada', 'Muddu Sose (R)/ FTB', '11:00:00', '11:30:00', 10), ('2026-07-31', '11:00'), 2), (('Colors Kannada', 'Muddu Sose (R)/ FTB', '11:00:00', '11:30:00', 10), ('2026-08-08', '11:00'), 2), ...]">backend/tests/test_iteration11.py:157: in test_no_duplicate_slots_per_program_timeband
    assert not offenders, f"{len(offenders)} program-timeband dupes, first 5: {offenders[:5]}"
E   AssertionError: 28 program-timeband dupes, first 5: [(('Colors Kannada', 'Gowri Kalyana (R)/ FTB', '10:30:00', '11:00:00', 10), ('2026-07-31', '10:30'), 2), (('Colors Kannada', 'Gowri Kalyana (R)/ FTB', '10:30:00', '11:00:00', 10), ('2026-08-08', '10:30'), 2), (('Colors Kannada', 'Gowri Kalyana (R)/ FTB', '10:30:00', '11:00:00', 10), ('2026-08-16', '10:30'), 2), (('Colors Kannada', 'Gowri Kalyana (R)/ FTB', '10:30:00', '11:00:00', 20), ('2026-08-16', '10:30'), 2), (('Colors Kannada', 'Muddu Sose (R)/ FTB', '11:00:00', '11:30:00', 10), ('2026-07-31', '11:00'), 2)]
E   assert not [(('Colors Kannada', 'Gowri Kalyana (R)/ FTB', '10:30:00', '11:00:00', 10), ('2026-07-31', '10:30'), 2), (('Colors Kannada', 'Gowri Kalyana (R)/ FTB', '10:30:00', '11:00:00', 10), ('2026-08-08', '10:30'), 2), (('Colors Kannada', 'Gowri Kalyana (R)/ FTB', '10:30:00', '11:00:00', 10), ('2026-08-16', '10:30'), 2), (('Colors Kannada', 'Gowri Kalyana (R)/ FTB', '10:30:00', '11:00:00', 20), ('2026-08-16', '10:30'), 2), (('Colors Kannada', 'Muddu Sose (R)/ FTB', '11:00:00', '11:30:00', 10), ('2026-07-31', '11:00'), 2), (('Colors Kannada', 'Muddu Sose (R)/ FTB', '11:00:00', '11:30:00', 10), ('2026-08-08', '11:00'), 2), ...]</failure></testcase><testcase classname="tests.test_iteration11.TestRegression" name="test_schedule_nonempty" time="0.000" /><testcase classname="tests.test_iteration11.TestRegression" name="test_download" time="0.435" /><testcase classname="tests.test_iteration5" name="test_channel_order_matches_input" time="1.095" /><testcase classname="tests.test_iteration5" name="test_edit_durations_descending" time="0.013" /><testcase classname="tests.test_iteration5" name="test_regression_subtotals_and_weekly" time="0.012" /><testcase classname="tests.backend_test.TestLearnSample" name="test_learn_output" time="0.001"><failure message="FileNotFoundError: [Errno 2] No such file or directory: '/tmp/samples/output.xlsx'">backend/tests/backend_test.py:45: in test_learn_output
    with open(OUTPUT_XLSX, "rb") as f:
         ^^^^^^^^^^^^^^^^^^^^^^^
E   FileNotFoundError: [Errno 2] No such file or directory: '/tmp/samples/output.xlsx'</failure></testcase><testcase classname="tests.test_iteration4.TestUploadSubtotalFilter" name="test_row_count_is_46_real_programs" time="0.224" /><testcase classname="tests.test_iteration4.TestUploadSubtotalFilter" name="test_no_total_rows_leaked" time="0.000" /><testcase classname="tests.backend_test.TestDownload" name="test_download_xlsx" time="0.914" /><testcase classname="tests.backend_test.TestSessions" name="test_sessions_crud" time="0.880" /><testcase classname="tests.backend_test.TestRowOverride" name="test_override_row0" time="0.220" /><testcase classname="tests.backend_test.TestDaypartWeights" name="test_daypart_weights_no_crash" time="0.143" /><testcase classname="tests.test_iteration11.TestWeekendBoost" name="test_high_boost_yields_more_weekend_spots" time="0.913" /><testcase classname="tests.test_iteration11.TestStrictDay" name="test_all_schedule_rows_respect_days" time="0.561" /><testcase classname="tests.test_iteration11.TestMoviesFrequency" name="test_movie_rows_are_hourly" time="0.001" /><testcase classname="tests.test_iteration11_boost_monotonic" name="test_weekend_boost_strictly_increasing" time="1.829" /><testcase classname="tests.test_iteration11.TestReachVsFrequency" name="test_reach_touches_more_days" time="0.889" /><testcase classname="tests.test_iteration11.TestGECSpread" name="test_gec_programs_spread_across_days" time="0.448" /><testcase classname="tests.test_iteration13_alignment.TestAlignmentWednesdayStart" name="test_alignment" time="1.146" /><testcase classname="tests.test_iteration13_alignment.TestAlignmentAugSaturdayStart" name="test_alignment" time="0.952" /><testcase classname="tests.test_iteration13_alignment.TestAlignmentJuneMondayStart" name="test_alignment" time="0.918" /><testcase classname="tests.test_iteration14_edit_spot_match.TestFinalSpotsMatch" name="test_final_spots_matches_scheduled_count_per_edit_row" time="0.562" /><testcase classname="tests.test_iteration14_edit_spot_match.TestSameEditSlotUniqueness" name="test_no_duplicate_slots_per_row_edit_date_time" time="0.050" /><testcase classname="tests.test_iteration14_edit_spot_match.TestPerRowIdEditUniqueness" name="test_uniqueness_per_row_edit_date_time" time="0.003" /><testcase classname="tests.test_iteration4.TestDerivedWeeks" name="test_weeks_is_7" time="0.453" /><testcase classname="tests.test_iteration4.TestBlackoutDates" name="test_no_schedule_on_blackout_dates" time="0.001" /><testcase classname="tests.test_iteration14_edit_spot_match.TestMultiEditSlotSharing" name="test_different_edits_may_share_slot" time="0.473" /><testcase classname="tests.test_iteration15_mix_variants.TestRowOverrides" name="test_override_row_matches_schedule" time="0.566" /></testsuite></testsuites>