<?xml version="1.0" encoding="utf-8"?><testsuites name="pytest tests"><testsuite name="pytest" errors="0" failures="1" skipped="0" tests="14" time="1.237" timestamp="2026-07-10T20:05:36.579617+00:00" hostname="agent-env-f173bafa-e5c5-463a-a416-d9375c584c3b"><testcase classname="tests.test_iteration16_no_drop.TestNoSpotDropped" name="test_simple_gec" time="0.070" /><testcase classname="tests.test_iteration16_no_drop.TestAdvancedPrefs" name="test_weekly_grp_dispersion_biases_weeks" time="0.073" /><testcase classname="tests.test_iteration16_no_drop.TestNoSpotDropped" name="test_stress_stacking_over_capacity" time="0.029" /><testcase classname="tests.test_iteration16_no_drop.TestAdvancedPrefs" name="test_weekend_boost_puts_more_on_sat_sun" time="0.032" /><testcase classname="tests.test_iteration16_no_drop.TestNoSpotDropped" name="test_multi_row_multi_edit" time="0.058" /><testcase classname="tests.test_iteration16_no_drop.TestAdvancedPrefs" name="test_reach_vs_frequency_frequency_mode" time="0.062" /><testcase classname="tests.test_iteration16_no_drop.TestBlackouts" name="test_blackout_dates_absent" time="0.017" /><testcase classname="tests.test_iteration16_no_drop.TestAdvancedPrefs" name="test_gec_planning_weeks_limits_gec_only" time="0.020" /><testcase classname="tests.test_iteration16_no_drop.TestBlackouts" name="test_blackout_day_of_week_absent" time="0.016" /><testcase classname="tests.test_iteration16_no_drop.TestUpload" name="test_upload_parses_all_standard_columns" time="0.009" /><testcase classname="tests.test_iteration16_no_drop.TestGECEvenDistribution" name="test_gec_prime_time_100plus_spots" time="0.058"><failure message="AssertionError: uneven days ratio=1.75 min=4 max=7&#10;assert 1.75 &lt; 1.6">backend/tests/test_iteration16_no_drop.py:197: in test_gec_prime_time_100plus_spots
    assert ratio &lt; 1.6, f"uneven days ratio={ratio} min={mn} max={mx}"
E   AssertionError: uneven days ratio=1.75 min=4 max=7
E   assert 1.75 &lt; 1.6</failure></testcase><testcase classname="tests.test_iteration16_no_drop.TestCampaignEndRespected" name="test_no_row_past_end" time="0.063" /><testcase classname="tests.test_iteration16_no_drop.TestSessions" name="test_session_crud" time="0.019" /><testcase classname="tests.test_iteration16_no_drop.TestExcelDownload" name="test_download_valid_excel_with_totals" time="0.092" /></testsuite></testsuites>