<?xml version="1.0" encoding="utf-8"?><testsuites name="pytest tests"><testsuite name="pytest" errors="0" failures="0" skipped="0" tests="10" time="3.044" timestamp="2026-07-10T12:15:08.540679+00:00" hostname="agent-env-f173bafa-e5c5-463a-a416-d9375c584c3b"><testcase classname="tests.backend_test.TestUpload" name="test_upload_real_input" time="0.367" /><testcase classname="tests.backend_test.TestUpload" name="test_spots_canonical_not_from_cal_spts_pd" time="0.000" /><testcase classname="tests.backend_test.TestLearnSample" name="test_learn_output" time="0.657" /><testcase classname="tests.backend_test.TestGenerate" name="test_edit_rows_count" time="1.053" /><testcase classname="tests.backend_test.TestGenerate" name="test_schedule_rows_thousands" time="0.000" /><testcase classname="tests.backend_test.TestGenerate" name="test_summary_has_by_week" time="0.000" /><testcase classname="tests.backend_test.TestSessions" name="test_sessions_crud" time="0.902" /><testcase classname="tests.backend_test.TestDownload" name="test_download_xlsx" time="0.970" /><testcase classname="tests.backend_test.TestRowOverride" name="test_override_row0" time="0.304" /><testcase classname="tests.backend_test.TestDaypartWeights" name="test_daypart_weights_no_crash" time="0.220" /></testsuite></testsuites>