<?xml version="1.0" encoding="utf-8"?><testsuites name="pytest tests"><testsuite name="pytest" errors="0" failures="0" skipped="0" tests="8" time="1.907" timestamp="2026-07-10T15:15:28.748336+00:00" hostname="agent-env-f173bafa-e5c5-463a-a416-d9375c584c3b"><testcase classname="tests.test_iteration4.TestUploadSubtotalFilter" name="test_row_count_is_46_real_programs" time="0.209" /><testcase classname="tests.test_iteration4.TestUploadSubtotalFilter" name="test_no_total_rows_leaked" time="0.000" /><testcase classname="tests.test_iteration4.TestDerivedWeeks" name="test_weeks_is_7" time="0.310" /><testcase classname="tests.test_iteration4.TestBlackoutDates" name="test_no_schedule_on_blackout_dates" time="0.001" /><testcase classname="tests.test_iteration4.TestDownloadSubtotalsAndWeekly" name="test_schedule_sheet_exists" time="0.911" /><testcase classname="tests.test_iteration4.TestDownloadSubtotalsAndWeekly" name="test_first_daily_column_is_campaign_start" time="0.003" /><testcase classname="tests.test_iteration4.TestDownloadSubtotalsAndWeekly" name="test_subtotals_present" time="0.021" /><testcase classname="tests.test_iteration4.TestDownloadSubtotalsAndWeekly" name="test_three_weekly_sections" time="0.014" /></testsuite></testsuites>